INFO  06:27:27 Application started. Press Ctrl+C to shut down.
INFO  06:27:27 Hosting environment: Development
INFO  06:27:27 Content root path: D:\safe\PharmacyMedicineSupplyService
INFO  06:30:35 Pharmacies Data retrieved
INFO  06:30:35 Retrieved data from medicine stock service
INFO  06:30:35 Medicines have been successfully supplied to the pharmacies
INFO  06:30:35 Pharmacy supply details successfully retrieved and sent.
INFO  05:31:17 Application started. Press Ctrl+C to shut down.
INFO  05:31:17 Hosting environment: Development
INFO  05:31:17 Content root path: D:\safe\PharmacyMedicineSupplyService
INFO  05:37:33 Pharmacies Data retrieved
INFO  05:37:34 Retrieved data from medicine stock service
INFO  05:37:34 Retrieved data from medicine stock service
INFO  05:37:34 Retrieved data from medicine stock service
INFO  05:37:34 Retrieved data from medicine stock service
INFO  05:37:34 Medicines have been successfully supplied to the pharmacies
INFO  05:37:34 Pharmacy supply details successfully retrieved and sent.
INFO  05:39:22 Pharmacies Data retrieved
INFO  05:39:22 Medicines have been successfully supplied to the pharmacies
INFO  05:39:22 No details retrieved
INFO  05:40:17 Pharmacies Data retrieved
INFO  05:40:17 Retrieved data from medicine stock service
INFO  05:40:17 Medicines have been successfully supplied to the pharmacies
INFO  05:40:17 Pharmacy supply details successfully retrieved and sent.
INFO  05:41:20 Pharmacies Data retrieved
INFO  05:41:20 Retrieved data from medicine stock service
INFO  05:41:20 Retrieved data from medicine stock service
INFO  05:41:20 Medicines have been successfully supplied to the pharmacies
INFO  05:41:20 Pharmacy supply details successfully retrieved and sent.
INFO  05:46:36 Application started. Press Ctrl+C to shut down.
INFO  05:46:36 Hosting environment: Development
INFO  05:46:36 Content root path: D:\safe\PharmacyMedicineSupplyService
