INFO  04:33:41 Application started. Press Ctrl+C to shut down.
INFO  04:33:41 Hosting environment: Development
INFO  04:33:41 Content root path: D:\safe\MedicalRepresentativeSchedule
INFO  06:29:38 Application started. Press Ctrl+C to shut down.
INFO  06:29:38 Hosting environment: Development
INFO  06:29:38 Content root path: D:\safe\MedicalRepresentativeSchedule
INFO  06:30:19 Getting list of representatives
INFO  06:30:19 Getting medicine stock
INFO  06:30:20 Getting list of doctors
INFO  06:30:20 returning schedule
INFO  06:30:20 returning schedule
INFO  05:31:08 Application started. Press Ctrl+C to shut down.
INFO  05:31:08 Hosting environment: Development
INFO  05:31:08 Content root path: D:\safe\MedicalRepresentativeSchedule
INFO  05:35:14 Getting list of representatives
INFO  05:35:14 Getting medicine stock
INFO  05:35:14 Getting list of doctors
INFO  05:35:14 returning schedule
INFO  05:35:14 returning schedule
INFO  05:35:45 Getting list of representatives
INFO  05:35:45 Getting medicine stock
INFO  05:35:45 Getting list of doctors
INFO  05:35:45 returning schedule
INFO  05:35:45 returning schedule
INFO  05:46:30 Application started. Press Ctrl+C to shut down.
INFO  05:46:31 Hosting environment: Development
INFO  05:46:31 Content root path: D:\safe\MedicalRepresentativeSchedule
INFO  05:47:24 Getting list of representatives
INFO  05:47:24 Getting medicine stock
INFO  05:47:24 Getting list of doctors
INFO  05:47:24 returning schedule
INFO  05:47:24 returning schedule
